Performing C SOURCE FILE Test CMAKE_HAVE_LIBC_PTHREAD failed with the following output:
Change Dir: /home/lll/lsh/src/a_star_double_xml/cmake-build-debug/CMakeFiles/CMakeTmp

Run Build Command(s):/usr/bin/make cmTC_86e45/fast && /usr/bin/make -f CMakeFiles/cmTC_86e45.dir/build.make CMakeFiles/cmTC_86e45.dir/build
make[1]: Entering directory '/home/lll/lsh/src/a_star_double_xml/cmake-build-debug/CMakeFiles/CMakeTmp'
Building C object CMakeFiles/cmTC_86e45.dir/src.c.o
/usr/bin/cc   -DCMAKE_HAVE_LIBC_PTHREAD   -o CMakeFiles/cmTC_86e45.dir/src.c.o   -c /home/lll/lsh/src/a_star_double_xml/cmake-build-debug/CMakeFiles/CMakeTmp/src.c
Linking C executable cmTC_86e45
/home/lll/Clion/JetBrainsCLionLinux64/clion/bin/cmake/linux/bin/cmake -E cmake_link_script CMakeFiles/cmTC_86e45.dir/link.txt --verbose=1
/usr/bin/cc  -DCMAKE_HAVE_LIBC_PTHREAD    -rdynamic CMakeFiles/cmTC_86e45.dir/src.c.o  -o cmTC_86e45 
CMakeFiles/cmTC_86e45.dir/src.c.o：在函数‘main’中：
src.c:(.text+0x3c)：对‘pthread_create’未定义的引用
src.c:(.text+0x48)：对‘pthread_detach’未定义的引用
src.c:(.text+0x59)：对‘pthread_join’未定义的引用
src.c:(.text+0x6d)：对‘pthread_atfork’未定义的引用
collect2: error: ld returned 1 exit status
CMakeFiles/cmTC_86e45.dir/build.make:86: recipe for target 'cmTC_86e45' failed
make[1]: *** [cmTC_86e45] Error 1
make[1]: Leaving directory '/home/lll/lsh/src/a_star_double_xml/cmake-build-debug/CMakeFiles/CMakeTmp'
Makefile:121: recipe for target 'cmTC_86e45/fast' failed
make: *** [cmTC_86e45/fast] Error 2


Source file was:
#include <pthread.h>

void* test_func(void* data)
{
  return data;
}

int main(void)
{
  pthread_t thread;
  pthread_create(&thread, NULL, test_func, NULL);
  pthread_detach(thread);
  pthread_join(thread, NULL);
  pthread_atfork(NULL, NULL, NULL);
  pthread_exit(NULL);

  return 0;
}

Determining if the function pthread_create exists in the pthreads failed with the following output:
Change Dir: /home/lll/lsh/src/a_star_double_xml/cmake-build-debug/CMakeFiles/CMakeTmp

Run Build Command(s):/usr/bin/make cmTC_a4bb5/fast && /usr/bin/make -f CMakeFiles/cmTC_a4bb5.dir/build.make CMakeFiles/cmTC_a4bb5.dir/build
make[1]: Entering directory '/home/lll/lsh/src/a_star_double_xml/cmake-build-debug/CMakeFiles/CMakeTmp'
Building C object CMakeFiles/cmTC_a4bb5.dir/CheckFunctionExists.c.o
/usr/bin/cc   -DCHECK_FUNCTION_EXISTS=pthread_create   -o CMakeFiles/cmTC_a4bb5.dir/CheckFunctionExists.c.o   -c /home/lll/Clion/JetBrainsCLionLinux64/clion/bin/cmake/linux/share/cmake-3.15/Modules/CheckFunctionExists.c
Linking C executable cmTC_a4bb5
/home/lll/Clion/JetBrainsCLionLinux64/clion/bin/cmake/linux/bin/cmake -E cmake_link_script CMakeFiles/cmTC_a4bb5.dir/link.txt --verbose=1
/usr/bin/cc  -DCHECK_FUNCTION_EXISTS=pthread_create    -rdynamic CMakeFiles/cmTC_a4bb5.dir/CheckFunctionExists.c.o  -o cmTC_a4bb5 -lpthreads 
/usr/bin/ld: 找不到 -lpthreads
collect2: error: ld returned 1 exit status
CMakeFiles/cmTC_a4bb5.dir/build.make:86: recipe for target 'cmTC_a4bb5' failed
make[1]: *** [cmTC_a4bb5] Error 1
make[1]: Leaving directory '/home/lll/lsh/src/a_star_double_xml/cmake-build-debug/CMakeFiles/CMakeTmp'
Makefile:121: recipe for target 'cmTC_a4bb5/fast' failed
make: *** [cmTC_a4bb5/fast] Error 2



Determining if the Q_WS_WIN exist failed with the following output:
Change Dir: /home/lll/lsh/src/a_star_double_xml/cmake-build-debug/CMakeFiles/CMakeTmp

Run Build Command(s):/usr/bin/make cmTC_1eb36/fast && /usr/bin/make -f CMakeFiles/cmTC_1eb36.dir/build.make CMakeFiles/cmTC_1eb36.dir/build
make[1]: Entering directory '/home/lll/lsh/src/a_star_double_xml/cmake-build-debug/CMakeFiles/CMakeTmp'
Building CXX object CMakeFiles/cmTC_1eb36.dir/CheckSymbolExists.cxx.o
/usr/bin/c++   -I/usr/include/qt4  -std=gnu++11     -o CMakeFiles/cmTC_1eb36.dir/CheckSymbolExists.cxx.o -c /home/lll/lsh/src/a_star_double_xml/cmake-build-debug/CMakeFiles/CMakeTmp/CheckSymbolExists.cxx
/home/lll/lsh/src/a_star_double_xml/cmake-build-debug/CMakeFiles/CMakeTmp/CheckSymbolExists.cxx: In function ‘int main(int, char**)’:
/home/lll/lsh/src/a_star_double_xml/cmake-build-debug/CMakeFiles/CMakeTmp/CheckSymbolExists.cxx:8:19: error: ‘Q_WS_WIN’ was not declared in this scope
   return ((int*)(&Q_WS_WIN))[argc];
                   ^
CMakeFiles/cmTC_1eb36.dir/build.make:65: recipe for target 'CMakeFiles/cmTC_1eb36.dir/CheckSymbolExists.cxx.o' failed
make[1]: *** [CMakeFiles/cmTC_1eb36.dir/CheckSymbolExists.cxx.o] Error 1
make[1]: Leaving directory '/home/lll/lsh/src/a_star_double_xml/cmake-build-debug/CMakeFiles/CMakeTmp'
Makefile:121: recipe for target 'cmTC_1eb36/fast' failed
make: *** [cmTC_1eb36/fast] Error 2


File /home/lll/lsh/src/a_star_double_xml/cmake-build-debug/CMakeFiles/CMakeTmp/CheckSymbolExists.cxx:
/* */
#include <QtCore/qglobal.h>

int main(int argc, char** argv)
{
  (void)argv;
#ifndef Q_WS_WIN
  return ((int*)(&Q_WS_WIN))[argc];
#else
  (void)argc;
  return 0;
#endif
}

Determining if the Q_WS_QWS exist failed with the following output:
Change Dir: /home/lll/lsh/src/a_star_double_xml/cmake-build-debug/CMakeFiles/CMakeTmp

Run Build Command(s):/usr/bin/make cmTC_bfbd5/fast && /usr/bin/make -f CMakeFiles/cmTC_bfbd5.dir/build.make CMakeFiles/cmTC_bfbd5.dir/build
make[1]: Entering directory '/home/lll/lsh/src/a_star_double_xml/cmake-build-debug/CMakeFiles/CMakeTmp'
Building CXX object CMakeFiles/cmTC_bfbd5.dir/CheckSymbolExists.cxx.o
/usr/bin/c++   -I/usr/include/qt4  -std=gnu++11     -o CMakeFiles/cmTC_bfbd5.dir/CheckSymbolExists.cxx.o -c /home/lll/lsh/src/a_star_double_xml/cmake-build-debug/CMakeFiles/CMakeTmp/CheckSymbolExists.cxx
/home/lll/lsh/src/a_star_double_xml/cmake-build-debug/CMakeFiles/CMakeTmp/CheckSymbolExists.cxx: In function ‘int main(int, char**)’:
/home/lll/lsh/src/a_star_double_xml/cmake-build-debug/CMakeFiles/CMakeTmp/CheckSymbolExists.cxx:8:19: error: ‘Q_WS_QWS’ was not declared in this scope
   return ((int*)(&Q_WS_QWS))[argc];
                   ^
CMakeFiles/cmTC_bfbd5.dir/build.make:65: recipe for target 'CMakeFiles/cmTC_bfbd5.dir/CheckSymbolExists.cxx.o' failed
make[1]: *** [CMakeFiles/cmTC_bfbd5.dir/CheckSymbolExists.cxx.o] Error 1
make[1]: Leaving directory '/home/lll/lsh/src/a_star_double_xml/cmake-build-debug/CMakeFiles/CMakeTmp'
Makefile:121: recipe for target 'cmTC_bfbd5/fast' failed
make: *** [cmTC_bfbd5/fast] Error 2


File /home/lll/lsh/src/a_star_double_xml/cmake-build-debug/CMakeFiles/CMakeTmp/CheckSymbolExists.cxx:
/* */
#include <QtCore/qglobal.h>

int main(int argc, char** argv)
{
  (void)argv;
#ifndef Q_WS_QWS
  return ((int*)(&Q_WS_QWS))[argc];
#else
  (void)argc;
  return 0;
#endif
}

Determining if the Q_WS_MAC exist failed with the following output:
Change Dir: /home/lll/lsh/src/a_star_double_xml/cmake-build-debug/CMakeFiles/CMakeTmp

Run Build Command(s):/usr/bin/make cmTC_02980/fast && /usr/bin/make -f CMakeFiles/cmTC_02980.dir/build.make CMakeFiles/cmTC_02980.dir/build
make[1]: Entering directory '/home/lll/lsh/src/a_star_double_xml/cmake-build-debug/CMakeFiles/CMakeTmp'
Building CXX object CMakeFiles/cmTC_02980.dir/CheckSymbolExists.cxx.o
/usr/bin/c++   -I/usr/include/qt4  -std=gnu++11     -o CMakeFiles/cmTC_02980.dir/CheckSymbolExists.cxx.o -c /home/lll/lsh/src/a_star_double_xml/cmake-build-debug/CMakeFiles/CMakeTmp/CheckSymbolExists.cxx
/home/lll/lsh/src/a_star_double_xml/cmake-build-debug/CMakeFiles/CMakeTmp/CheckSymbolExists.cxx: In function ‘int main(int, char**)’:
/home/lll/lsh/src/a_star_double_xml/cmake-build-debug/CMakeFiles/CMakeTmp/CheckSymbolExists.cxx:8:19: error: ‘Q_WS_MAC’ was not declared in this scope
   return ((int*)(&Q_WS_MAC))[argc];
                   ^
CMakeFiles/cmTC_02980.dir/build.make:65: recipe for target 'CMakeFiles/cmTC_02980.dir/CheckSymbolExists.cxx.o' failed
make[1]: *** [CMakeFiles/cmTC_02980.dir/CheckSymbolExists.cxx.o] Error 1
make[1]: Leaving directory '/home/lll/lsh/src/a_star_double_xml/cmake-build-debug/CMakeFiles/CMakeTmp'
Makefile:121: recipe for target 'cmTC_02980/fast' failed
make: *** [cmTC_02980/fast] Error 2


File /home/lll/lsh/src/a_star_double_xml/cmake-build-debug/CMakeFiles/CMakeTmp/CheckSymbolExists.cxx:
/* */
#include <QtCore/qglobal.h>

int main(int argc, char** argv)
{
  (void)argv;
#ifndef Q_WS_MAC
  return ((int*)(&Q_WS_MAC))[argc];
#else
  (void)argc;
  return 0;
#endif
}

